{
  "RSpec": {
    "coverage": {
      "/Users/Student/Projects/tech-tests/gilded-rose/spec/units/gildedrose_spec.rb": {
        "lines": [
          null,
          null,
          1,
          null,
          1,
          1,
          null,
          12,
          null,
          1,
          1,
          1,
          4,
          null,
          null,
          1,
          4,
          null,
          null,
          null,
          null,
          1,
          1,
          1,
          4,
          null,
          null,
          1,
          4,
          null,
          null,
          null,
          null,
          1,
          1,
          1,
          4,
          null,
          null,
          1,
          4,
          null,
          null,
          null,
          null,
          1,
          1,
          1,
          4,
          null,
          null,
          1,
          4,
          null,
          null,
          1,
          6,
          4,
          null,
          null,
          1,
          11,
          4,
          null,
          null,
          1,
          16,
          4,
          null,
          null,
          null,
          null
        ]
      },
      "/Users/Student/Projects/tech-tests/gilded-rose/lib/gilded_rose.rb": {
        "lines": [
          null,
          null,
          1,
          1,
          null,
          null,
          1,
          1,
          1,
          1,
          1,
          null,
          1,
          11,
          null,
          null,
          1,
          41,
          164,
          null,
          123,
          123,
          null,
          null,
          null
        ]
      },
      "/Users/Student/Projects/tech-tests/gilded-rose/lib/item.rb": {
        "lines": [
          null,
          null,
          null,
          1,
          1,
          null,
          1,
          55,
          55,
          55,
          null,
          null,
          1,
          1,
          null,
          null
        ]
      },
      "/Users/Student/Projects/tech-tests/gilded-rose/lib/quality.rb": {
        "lines": [
          null,
          null,
          null,
          1,
          1,
          1,
          1,
          1,
          null,
          1,
          133,
          null,
          null,
          1,
          133,
          null,
          43,
          null,
          46,
          null,
          44,
          null,
          null,
          null,
          1,
          null,
          1,
          44,
          44,
          null,
          null,
          1,
          87,
          null,
          null,
          1,
          46,
          25,
          21,
          12,
          9,
          7,
          null,
          2,
          null,
          null,
          null
        ]
      },
      "/Users/Student/Projects/tech-tests/gilded-rose/spec/units/item_spec.rb": {
        "lines": [
          null,
          null,
          1,
          null,
          1,
          2,
          1,
          1,
          1,
          null,
          null,
          null
        ]
      },
      "/Users/Student/Projects/tech-tests/gilded-rose/spec/units/quality_spec.rb": {
        "lines": [
          null,
          null,
          1,
          null,
          1,
          1,
          null,
          4,
          3,
          6,
          null,
          1,
          1,
          1,
          4,
          null,
          null,
          1,
          1,
          4,
          null,
          null,
          1,
          1,
          4,
          null,
          null,
          null,
          1,
          1,
          4,
          null,
          null,
          1,
          1,
          4,
          null,
          null,
          null,
          1,
          1,
          1,
          4,
          null,
          null,
          1,
          4,
          null,
          null,
          1,
          1,
          4,
          null,
          null,
          1,
          1,
          4,
          null,
          null,
          1,
          1,
          4,
          null,
          null,
          null,
          null
        ]
      }
    },
    "timestamp": 1612964645
  }
}
