{
  "RSpec": {
    "coverage": {
      "/Users/Student/Projects/tech-tests/gilded-rose/spec/features/feature_spec.rb": {
        "lines": [
          null,
          null,
          1,
          null,
          1,
          1,
          null,
          null,
          1,
          6,
          6,
          6,
          6,
          6,
          6,
          1,
          5,
          5,
          null,
          null,
          1,
          1,
          1,
          1,
          null,
          null,
          1,
          1,
          1,
          1,
          null,
          null,
          1,
          1,
          1,
          1,
          null,
          null,
          1,
          1,
          1,
          1,
          null,
          null,
          1,
          1,
          1,
          1,
          null,
          null
        ]
      },
      "/Users/Student/Projects/tech-tests/gilded-rose/lib/gilded_rose.rb": {
        "lines": [
          null,
          null,
          null,
          1,
          1,
          1,
          null,
          1,
          9,
          null,
          null,
          1,
          9,
          45,
          null,
          36,
          36,
          null,
          null,
          null
        ]
      },
      "/Users/Student/Projects/tech-tests/gilded-rose/spec/units/brie_spec.rb": {
        "lines": [
          null,
          null,
          1,
          null,
          1,
          3,
          1,
          1,
          4,
          null,
          1,
          1,
          4,
          null,
          null,
          null
        ]
      },
      "/Users/Student/Projects/tech-tests/gilded-rose/lib/brie.rb": {
        "lines": [
          null,
          null,
          1,
          null,
          null,
          1,
          1,
          null,
          1,
          11,
          null,
          null,
          1,
          11,
          null,
          null
        ]
      },
      "/Users/Student/Projects/tech-tests/gilded-rose/lib/normal.rb": {
        "lines": [
          null,
          null,
          1,
          1,
          null,
          null,
          1,
          1,
          1,
          null,
          1,
          12,
          12,
          null,
          null,
          1,
          null,
          1,
          63,
          null,
          null
        ]
      },
      "/Users/Student/Projects/tech-tests/gilded-rose/lib/item.rb": {
        "lines": [
          null,
          null,
          null,
          1,
          1,
          null,
          1,
          62,
          62,
          62,
          null,
          null,
          1,
          1,
          null,
          null
        ]
      },
      "/Users/Student/Projects/tech-tests/gilded-rose/spec/units/conjured_spec.rb": {
        "lines": [
          null,
          null,
          1,
          null,
          1,
          4,
          1,
          1,
          4,
          null,
          null,
          1,
          1,
          4,
          null,
          null,
          1,
          1,
          4,
          null,
          null,
          null
        ]
      },
      "/Users/Student/Projects/tech-tests/gilded-rose/lib/conjured.rb": {
        "lines": [
          null,
          null,
          1,
          null,
          null,
          1,
          1,
          null,
          1,
          12,
          null,
          null,
          1,
          12,
          12,
          null,
          null
        ]
      },
      "/Users/Student/Projects/tech-tests/gilded-rose/spec/units/gildedrose_spec.rb": {
        "lines": [
          null,
          null,
          1,
          null,
          1,
          1,
          null,
          1,
          5,
          5,
          5,
          5,
          5,
          1,
          5,
          null,
          1,
          1,
          4,
          null,
          null,
          1,
          4,
          null,
          null,
          1,
          4,
          null,
          null,
          1,
          4,
          null,
          null,
          null
        ]
      },
      "/Users/Student/Projects/tech-tests/gilded-rose/spec/units/item_spec.rb": {
        "lines": [
          null,
          null,
          1,
          null,
          1,
          2,
          1,
          1,
          1,
          null,
          null,
          null
        ]
      },
      "/Users/Student/Projects/tech-tests/gilded-rose/spec/units/normal_spec.rb": {
        "lines": [
          null,
          null,
          1,
          null,
          1,
          4,
          1,
          1,
          4,
          null,
          null,
          1,
          1,
          4,
          null,
          null,
          1,
          1,
          4,
          null,
          null,
          null
        ]
      },
      "/Users/Student/Projects/tech-tests/gilded-rose/spec/units/pass_spec.rb": {
        "lines": [
          null,
          null,
          1,
          null,
          null,
          null,
          1,
          8,
          null,
          1,
          1,
          1,
          4,
          null,
          1,
          1,
          4,
          null,
          null,
          1,
          1,
          4,
          null,
          null,
          1,
          1,
          4,
          null,
          null,
          1,
          1,
          4,
          null,
          null,
          1,
          1,
          4,
          null,
          null,
          1,
          1,
          4,
          null,
          null,
          null
        ]
      },
      "/Users/Student/Projects/tech-tests/gilded-rose/lib/pass.rb": {
        "lines": [
          null,
          null,
          1,
          1,
          null,
          1,
          1,
          null,
          1,
          1,
          null,
          1,
          1,
          null,
          1,
          16,
          null,
          null,
          1,
          16,
          11,
          5,
          2,
          3,
          2,
          null,
          1,
          null,
          null,
          null,
          1,
          36,
          null,
          null
        ]
      },
      "/Users/Student/Projects/tech-tests/gilded-rose/spec/units/sulfuras_spec.rb": {
        "lines": [
          null,
          null,
          1,
          null,
          1,
          1,
          1,
          null,
          null
        ]
      },
      "/Users/Student/Projects/tech-tests/gilded-rose/lib/sulfuras.rb": {
        "lines": [
          null,
          null,
          1,
          null,
          null,
          1,
          1,
          10,
          null,
          null
        ]
      }
    },
    "timestamp": 1613142225
  }
}
